<?xml version="1.0" encoding="UTF-8"?>
<testng-results ignored="0" total="1" passed="1" failed="0" skipped="0">
  <reporter-output>
    <line>
      <![CDATA[User taps on create account button]]>
    </line>
    <line>
      <![CDATA[User enters email id]]>
    </line>
    <line>
      <![CDATA[User enters Passcode]]>
    </line>
    <line>
      <![CDATA[User select Agree checkbox]]>
    </line>
    <line>
      <![CDATA[User taps on soundsgood]]>
    </line>
    <line>
      <![CDATA[User taps on the yes iamin]]>
    </line>
    <line>
      <![CDATA[User taps on the skip Instagram button]]>
    </line>
    <line>
      <![CDATA[User taps on the skip Facebook button]]>
    </line>
    <line>
      <![CDATA[User taps on done connecting]]>
    </line>
    <line>
      <![CDATA[User writes his/her firstname]]>
    </line>
    <line>
      <![CDATA[User writes his/her Lastname]]>
    </line>
    <line>
      <![CDATA[User taps on next button]]>
    </line>
    <line>
      <![CDATA[User taps on postalcode]]>
    </line>
    <line>
      <![CDATA[User taps on Nextzip]]>
    </line>
    <line>
      <![CDATA[User taps on skipdob]]>
    </line>
    <line>
      <![CDATA[User taps on Gender]]>
    </line>
    <line>
      <![CDATA[User taps on nextgender]]>
    </line>
    <line>
      <![CDATA[User taps on allow]]>
    </line>
    <line>
      <![CDATA[User taps on setting]]>
    </line>
  </reporter-output>
  <suite started-at="2017-12-13T13:08:23Z" name="Default suite" finished-at="2017-12-13T13:12:06Z" duration-ms="222605">
    <groups>
    </groups>
    <test started-at="2017-12-13T13:08:23Z" name="Default test" finished-at="2017-12-13T13:12:06Z" duration-ms="222605">
      <class name="com.iOS.Scripts.UserRegistration">
        <test-method is-config="true" signature="setUp()[pri:0, instance:com.iOS.Scripts.UserRegistration@4cc8eb05]" started-at="2017-12-13T18:37:23Z" name="setUp" finished-at="2017-12-13T18:38:23Z" duration-ms="60157" status="PASS">
          <reporter-output>
          </reporter-output>
        </test-method> <!-- setUp -->
        <test-method signature="testUserRegistration()[pri:0, instance:com.iOS.Scripts.UserRegistration@4cc8eb05]" started-at="2017-12-13T18:38:23Z" name="testUserRegistration" finished-at="2017-12-13T18:42:06Z" duration-ms="222525" status="PASS">
          <reporter-output>
            <line>
              <![CDATA[User taps on create account button]]>
            </line>
            <line>
              <![CDATA[User enters email id]]>
            </line>
            <line>
              <![CDATA[User enters Passcode]]>
            </line>
            <line>
              <![CDATA[User select Agree checkbox]]>
            </line>
            <line>
              <![CDATA[User taps on soundsgood]]>
            </line>
            <line>
              <![CDATA[User taps on the yes iamin]]>
            </line>
            <line>
              <![CDATA[User taps on the skip Instagram button]]>
            </line>
            <line>
              <![CDATA[User taps on the skip Facebook button]]>
            </line>
            <line>
              <![CDATA[User taps on done connecting]]>
            </line>
            <line>
              <![CDATA[User writes his/her firstname]]>
            </line>
            <line>
              <![CDATA[User writes his/her Lastname]]>
            </line>
            <line>
              <![CDATA[User taps on next button]]>
            </line>
            <line>
              <![CDATA[User taps on postalcode]]>
            </line>
            <line>
              <![CDATA[User taps on Nextzip]]>
            </line>
            <line>
              <![CDATA[User taps on skipdob]]>
            </line>
            <line>
              <![CDATA[User taps on Gender]]>
            </line>
            <line>
              <![CDATA[User taps on nextgender]]>
            </line>
            <line>
              <![CDATA[User taps on allow]]>
            </line>
            <line>
              <![CDATA[User taps on setting]]>
            </line>
          </reporter-output>
        </test-method> <!-- testUserRegistration -->
        <test-method is-config="true" signature="tearDown()[pri:0, instance:com.iOS.Scripts.UserRegistration@4cc8eb05]" started-at="2017-12-13T18:42:06Z" name="tearDown" finished-at="2017-12-13T18:42:06Z" duration-ms="0" status="PASS">
          <reporter-output>
          </reporter-output>
        </test-method> <!-- tearDown -->
      </class> <!-- com.iOS.Scripts.UserRegistration -->
    </test> <!-- Default test -->
  </suite> <!-- Default suite -->
</testng-results>
