<?xml version="1.0" encoding="UTF-8"?>
<!-- Generated by org.testng.reporters.JUnitXMLReporter -->
<testsuite ignored="1" hostname="Xamarin77Macmini.local" failures="0" tests="1" name="TestLogin" time="109.756" errors="0" timestamp="07 Dec 2017 03:17:55 GMT">
  <testcase classname="com.iOS.Scripts.UserLogin" name="testUserLogin" time="109.737"/>
  <testcase classname="com.iOS.Scripts.UserLogin" name="testUserLoginInvalidCredentials" time="0.0">
    <ignored/>
  </testcase> <!-- testUserLoginInvalidCredentials -->
</testsuite> <!-- TestLogin -->
